<?xml version="1.0" encoding="UTF-8"?>
<testng-results skipped="0" failed="0" ignored="0" total="5" passed="5">
  <reporter-output>
  </reporter-output>
  <suite name="All Test Suite" duration-ms="5027" started-at="2021-02-27T16:30:06 GMT" finished-at="2021-02-27T16:30:11 GMT">
    <groups>
    </groups>
    <test name="Test" duration-ms="5027" started-at="2021-02-27T16:30:06 GMT" finished-at="2021-02-27T16:30:11 GMT">
      <class name="testcases.TC_VideoGamesAPI">
        <test-method status="PASS" signature="test_getAllVideoGames()[pri:1, instance:testcases.TC_VideoGamesAPI@ec756bd]" name="test_getAllVideoGames" duration-ms="1063" started-at="2021-02-27T16:30:06 GMT" finished-at="2021-02-27T16:30:07 GMT">
          <reporter-output>
          </reporter-output>
        </test-method> <!-- test_getAllVideoGames -->
        <test-method status="PASS" signature="test_addNewVideoGame()[pri:2, instance:testcases.TC_VideoGamesAPI@ec756bd]" name="test_addNewVideoGame" duration-ms="351" started-at="2021-02-27T16:30:07 GMT" finished-at="2021-02-27T16:30:08 GMT">
          <reporter-output>
          </reporter-output>
        </test-method> <!-- test_addNewVideoGame -->
        <test-method status="PASS" signature="test_getVideoGame()[pri:3, instance:testcases.TC_VideoGamesAPI@ec756bd]" name="test_getVideoGame" duration-ms="499" started-at="2021-02-27T16:30:08 GMT" finished-at="2021-02-27T16:30:08 GMT">
          <reporter-output>
          </reporter-output>
        </test-method> <!-- test_getVideoGame -->
        <test-method status="PASS" signature="test_UpdateVideoGame()[pri:4, instance:testcases.TC_VideoGamesAPI@ec756bd]" name="test_UpdateVideoGame" duration-ms="47" started-at="2021-02-27T16:30:08 GMT" finished-at="2021-02-27T16:30:08 GMT">
          <reporter-output>
          </reporter-output>
        </test-method> <!-- test_UpdateVideoGame -->
        <test-method status="PASS" signature="test_DeleteVideoGame()[pri:5, instance:testcases.TC_VideoGamesAPI@ec756bd]" name="test_DeleteVideoGame" duration-ms="3034" started-at="2021-02-27T16:30:08 GMT" finished-at="2021-02-27T16:30:11 GMT">
          <reporter-output>
          </reporter-output>
        </test-method> <!-- test_DeleteVideoGame -->
      </class> <!-- testcases.TC_VideoGamesAPI -->
    </test> <!-- Test -->
  </suite> <!-- All Test Suite -->
</testng-results>
