<?xml version="1.0" encoding="UTF-8"?>
<!-- Generated by org.testng.reporters.JUnitXMLReporter -->
<testsuite hostname="LAPTOP-2CA2UD9P" ignored="0" name="Test" tests="5" failures="0" timestamp="2021-02-27T16:30:11 GMT" time="5.027" errors="0">
  <testcase name="test_getAllVideoGames" time="1.063" classname="testcases.TC_VideoGamesAPI"/>
  <testcase name="test_addNewVideoGame" time="0.351" classname="testcases.TC_VideoGamesAPI"/>
  <testcase name="test_getVideoGame" time="0.499" classname="testcases.TC_VideoGamesAPI"/>
  <testcase name="test_UpdateVideoGame" time="0.047" classname="testcases.TC_VideoGamesAPI"/>
  <testcase name="test_DeleteVideoGame" time="3.034" classname="testcases.TC_VideoGamesAPI"/>
</testsuite> <!-- Test -->
